<?xml version="1.0" encoding="UTF-8"?>
<testsuite xmlns:xsi="http://www.w3.org/2001/XMLSchema-instance" xsi:noNamespaceSchemaLocation="https://maven.apache.org/surefire/maven-surefire-plugin/xsd/surefire-test-report-3.0.xsd" version="3.0" name="com.nagarro.springbootapp.BasicSpringbootAppApplicationTests" time="3.576" tests="1" errors="0" skipped="0" failures="0">
  <properties>
[...]
</properties>
  <testcase name="contextLoads" classname="com.nagarro.springbootapp.BasicSpringbootAppApplicationTests" time="0.993">
    <system-out><![CDATA[11:31:53.723 [main] INFO org.springframework.test.context.support.AnnotationConfigContextLoaderUtils -- Could not detect default configuration classes for test class [com.nagarro.springbootapp.BasicSpringbootAppApplicationTests]: BasicSpringbootAppApplicationTests does not declare any static, non-private, non-final, nested classes annotated with @Configuration.
11:31:53.870 [main] INFO org.springframework.boot.test.context.SpringBootTestContextBootstrapper -- Found @SpringBootConfiguration com.nagarro.springbootapp.BasicSpringbootAppApplication for test class com.nagarro.springbootapp.BasicSpringbootAppApplicationTests
11:31:54.069 [main] INFO org.springframework.boot.devtools.restart.RestartApplicationListener -- Restart disabled due to context in which it is running

  .   ____          _            __ _ _
 /\\ / ___'_ __ _ _(_)_ __  __ _ \ \ \ \
( ( )\___ | '_ | '_| | '_ \/ _` | \ \ \ \
 \\/  ___)| |_)| | | | | || (_| |  ) ) ) )
  '  |____| .__|_| |_|_| |_\__, | / / / /
 =========|_|==============|___/=/_/_/_/

 :: Spring Boot ::                (v3.3.4)

2024-10-21T11:31:54.424+05:30  INFO 18224 --- [BasicSpringbootApp] [           main] c.n.s.BasicSpringbootAppApplicationTests : Starting BasicSpringbootAppApplicationTests using Java 19.0.2 with PID 18224 (started by surbhisolani in C:\Users\surbhisolani\OneDrive - Nagarro\Desktop\Nagarro Assignment\surbhi-solani\BasicSpringbootApp)
2024-10-21T11:31:54.429+05:30  INFO 18224 --- [BasicSpringbootApp] [           main] c.n.s.BasicSpringbootAppApplicationTests : No active profile set, falling back to 1 default profile: "default"
2024-10-21T11:31:56.064+05:30  INFO 18224 --- [BasicSpringbootApp] [           main] c.n.s.BasicSpringbootAppApplicationTests : Started BasicSpringbootAppApplicationTests in 2.017 seconds (process running for 3.159)
]]></system-out>
  </testcase>
</testsuite>